#
# There is insufficient memory for the Java Runtime Environment to continue.
# Native memory allocation (malloc) failed to allocate 1842192 bytes for Chunk::new
# Possible reasons:
#   The system is out of physical RAM or swap space
#   In 32 bit mode, the process size limit was hit
# Possible solutions:
#   Reduce memory load on the system
#   Increase physical memory or swap space
#   Check if swap backing store is full
#   Use 64 bit Java on a 64 bit OS
#   Decrease Java heap size (-Xmx/-Xms)
#   Decrease number of Java threads
#   Decrease Java thread stack sizes (-Xss)
#   Set larger code cache with -XX:ReservedCodeCacheSize=
# This output file may be truncated or incomplete.
#
#  Out of Memory Error (allocation.cpp:390), pid=10428, tid=0x00000000000035e0
#
# JRE version: Java(TM) SE Runtime Environment (8.0_171-b11) (build 1.8.0_171-b11)
# Java VM: Java HotSpot(TM) 64-Bit Server VM (25.171-b11 mixed mode windows-amd64 compressed oops)
# Failed to write core dump. Minidumps are not enabled by default on client versions of Windows
#

---------------  T H R E A D  ---------------

Current thread (0x000000001bb91000):  JavaThread "C2 CompilerThread0" daemon [_thread_in_native, id=13792, stack(0x000000001d1e0000,0x000000001d2e0000)]

Stack: [0x000000001d1e0000,0x000000001d2e0000]
[error occurred during error reporting (printing stack bounds), id 0xc0000005]

Native frames: (J=compiled Java code, j=interpreted, Vv=VM code, C=native code)


Current CompileTask:
C2:   3217 1477   !   4       java.net.URLClassLoader$1::run (63 bytes)


---------------  P R O C E S S  ---------------

Java Threads: ( => current thread )
  0x000000001bbee800 JavaThread "Service Thread" daemon [_thread_blocked, id=800, stack(0x000000001d8e0000,0x000000001d9e0000)]
  0x000000001bbb0800 JavaThread "C1 CompilerThread2" daemon [_thread_blocked, id=10524, stack(0x000000001d3e0000,0x000000001d4e0000)]
  0x000000001bb94800 JavaThread "C2 CompilerThread1" daemon [_thread_blocked, id=8592, stack(0x000000001d2e0000,0x000000001d3e0000)]
=>0x000000001bb91000 JavaThread "C2 CompilerThread0" daemon [_thread_in_native, id=13792, stack(0x000000001d1e0000,0x000000001d2e0000)]
  0x000000001bb90000 JavaThread "Attach Listener" daemon [_thread_blocked, id=12072, stack(0x000000001d0e0000,0x000000001d1e0000)]
  0x000000000255e800 JavaThread "Signal Dispatcher" daemon [_thread_blocked, id=1064, stack(0x000000001cfe0000,0x000000001d0e0000)]
  0x000000001bb7a000 JavaThread "Finalizer" daemon [_thread_blocked, id=13416, stack(0x000000001cde0000,0x000000001cee0000)]
  0x000000001bb58800 JavaThread "Reference Handler" daemon [_thread_blocked, id=14056, stack(0x000000001cce0000,0x000000001cde0000)]
  0x000000000080e800 JavaThread "main" [_thread_in_native, id=13928, stack(0x0000000002310000,0x0000000002410000)]

Other Threads:
  0x000000001bb57800 VMThread [stack: 0x000000001cbe0000,0x000000001cce0000] [id=11208]
  0x000000001d51c800 WatcherThread [stack: 0x000000001d9e0000,0x000000001dae0000] [id=9712]

VM state:not at safepoint (normal execution)

VM Mutex/Monitor currently owned by a thread: None

Heap:
 PSYoungGen      total 76288K, used 29957K [0x000000076b380000, 0x0000000770880000, 0x00000007c0000000)
  eden space 65536K, 30% used [0x000000076b380000,0x000000076c7276f0,0x000000076f380000)
  from space 10752K, 91% used [0x000000076f380000,0x000000076fd19f98,0x000000076fe00000)
  to   space 10752K, 0% used [0x000000076fe00000,0x000000076fe00000,0x0000000770880000)
 ParOldGen       total 175104K, used 8K [0x00000006c1a00000, 0x00000006cc500000, 0x000000076b380000)
  object space 175104K, 0% used [0x00000006c1a00000,0x00000006c1a02000,0x00000006cc500000)
 Metaspace       used 13703K, capacity 13886K, committed 14080K, reserved 1060864K
  class space    used 1704K, capacity 1778K, committed 1792K, reserved 1048576K

Card table byte_map: [0x0000000011920000,0x0000000012120000] byte_map_base: 0x000000000e313000

Marking Bits: (ParMarkBitMap*) 0x00000000742808c0
 Begin Bits: [0x0000000012a70000, 0x0000000016a08000)
 End Bits:   [0x0000000016a08000, 0x000000001a9a0000)

Polling page: 0x0000000002410000

CodeCache: size=245760Kb used=5456Kb max_used=5468Kb free=240303Kb
 bounds [0x0000000002560000, 0x0000000002ac0000, 0x0000000011560000]
 total_blobs=1933 nmethods=1581 adapters=264
 compilation: enabled

Compilation events (10 events):
Event: 2.980 Thread 0x000000001bbb0800 1578       3       java.lang.Character::isSurrogate (18 bytes)
Event: 2.980 Thread 0x000000001bbb0800 nmethod 1578 0x0000000002ab8190 code [0x0000000002ab82e0, 0x0000000002ab84b0]
Event: 2.981 Thread 0x000000001bbb0800 1579       3       java.util.regex.Pattern::peek (26 bytes)
Event: 2.981 Thread 0x000000001bbb0800 nmethod 1579 0x0000000002ab8510 code [0x0000000002ab8680, 0x0000000002ab8948]
Event: 2.982 Thread 0x000000001bb94800 1580       4       java.nio.charset.CoderResult::isOverflow (14 bytes)
Event: 2.982 Thread 0x000000001bb94800 nmethod 1580 0x0000000002ab35d0 code [0x0000000002ab3700, 0x0000000002ab3778]
Event: 2.982 Thread 0x000000001bb94800 1581       4       java.nio.ByteBuffer::hasArray (20 bytes)
Event: 2.982 Thread 0x000000001bb94800 nmethod 1581 0x0000000002abb710 code [0x0000000002abb840, 0x0000000002abb8d8]
Event: 2.982 Thread 0x000000001bb94800 1582       4       java.nio.CharBuffer::hasArray (20 bytes)
Event: 2.982 Thread 0x000000001bb94800 nmethod 1582 0x0000000002abb990 code [0x0000000002abbac0, 0x0000000002abbb58]

GC Heap History (2 events):
Event: 2.066 GC heap before
{Heap before GC invocations=1 (full 0):
 PSYoungGen      total 76288K, used 65536K [0x000000076b380000, 0x0000000770880000, 0x00000007c0000000)
  eden space 65536K, 100% used [0x000000076b380000,0x000000076f380000,0x000000076f380000)
  from space 10752K, 0% used [0x000000076fe00000,0x000000076fe00000,0x0000000770880000)
  to   space 10752K, 0% used [0x000000076f380000,0x000000076f380000,0x000000076fe00000)
 ParOldGen       total 175104K, used 0K [0x00000006c1a00000, 0x00000006cc500000, 0x000000076b380000)
  object space 175104K, 0% used [0x00000006c1a00000,0x00000006c1a00000,0x00000006cc500000)
 Metaspace       used 11720K, capacity 11890K, committed 12032K, reserved 1060864K
  class space    used 1432K, capacity 1510K, committed 1536K, reserved 1048576K
Event: 2.080 GC heap after
Heap after GC invocations=1 (full 0):
 PSYoungGen      total 76288K, used 9831K [0x000000076b380000, 0x0000000770880000, 0x00000007c0000000)
  eden space 65536K, 0% used [0x000000076b380000,0x000000076b380000,0x000000076f380000)
  from space 10752K, 91% used [0x000000076f380000,0x000000076fd19f98,0x000000076fe00000)
  to   space 10752K, 0% used [0x000000076fe00000,0x000000076fe00000,0x0000000770880000)
 ParOldGen       total 175104K, used 8K [0x00000006c1a00000, 0x00000006cc500000, 0x000000076b380000)
  object space 175104K, 0% used [0x00000006c1a00000,0x00000006c1a02000,0x00000006cc500000)
 Metaspace       used 11720K, capacity 11890K, committed 12032K, reserved 1060864K
  class space    used 1432K, capacity 1510K, committed 1536K, reserved 1048576K
}

Deoptimization events (10 events):
Event: 1.153 Thread 0x000000000080e800 Uncommon trap: reason=unstable_if action=reinterpret pc=0x00000000027ea6c4 method=java.util.HashMap.getNode(ILjava/lang/Object;)Ljava/util/HashMap$Node; @ 129
Event: 1.256 Thread 0x000000000080e800 Uncommon trap: reason=unstable_if action=reinterpret pc=0x000000000282945c method=sun.nio.cs.StreamDecoder.implRead([CII)I @ 71
Event: 1.256 Thread 0x000000000080e800 Uncommon trap: reason=unstable_if action=reinterpret pc=0x000000000281f4c4 method=sun.nio.cs.StreamDecoder.implRead([CII)I @ 71
Event: 1.256 Thread 0x000000000080e800 Uncommon trap: reason=unstable_if action=reinterpret pc=0x000000000280582c method=java.io.Reader.read()I @ 12
Event: 1.290 Thread 0x000000000080e800 Uncommon trap: reason=unstable_if action=reinterpret pc=0x0000000002805278 method=java.io.Reader.read()I @ 12
Event: 1.347 Thread 0x000000000080e800 Uncommon trap: reason=unstable_if action=reinterpret pc=0x00000000027eb698 method=java.util.HashMap.getNode(ILjava/lang/Object;)Ljava/util/HashMap$Node; @ 129
Event: 1.365 Thread 0x000000000080e800 Uncommon trap: reason=range_check action=make_not_entrant pc=0x000000000287fb28 method=sun.reflect.generics.parser.SignatureParser.current()C @ 34
Event: 2.689 Thread 0x000000000080e800 Uncommon trap: reason=unstable_if action=reinterpret pc=0x0000000002a2c15c method=java.lang.ref.ReferenceQueue.poll()Ljava/lang/ref/Reference; @ 4
Event: 2.850 Thread 0x000000000080e800 Uncommon trap: reason=unstable_if action=reinterpret pc=0x0000000002a83158 method=org.eclipse.sisu.inject.InjectorBindings.isAssignableFrom(Lcom/google/inject/TypeLiteral;Lcom/google/inject/Binding;)Z @ 14
Event: 2.852 Thread 0x000000000080e800 Uncommon trap: reason=null_check action=make_not_entrant pc=0x0000000002747480 method=java.lang.String.equals(Ljava/lang/Object;)Z @ 8

Classes redefined (0 events):
No events

Internal exceptions (10 events):
Event: 1.141 Thread 0x000000000080e800 Exception <a 'java/lang/ArrayIndexOutOfBoundsException'> (0x000000076c90a570) thrown at [C:\re\workspace\8-2-build-windows-amd64-cygwin\jdk8u171\10807\hotspot\src\share\vm\runtime\sharedRuntime.cpp, line 605]
Event: 1.143 Thread 0x000000000080e800 Exception <a 'java/lang/ArrayIndexOutOfBoundsException'> (0x000000076c928048) thrown at [C:\re\workspace\8-2-build-windows-amd64-cygwin\jdk8u171\10807\hotspot\src\share\vm\runtime\sharedRuntime.cpp, line 605]
Event: 1.152 Thread 0x000000000080e800 Exception <a 'java/lang/ArrayIndexOutOfBoundsException'> (0x000000076c96d0a8) thrown at [C:\re\workspace\8-2-build-windows-amd64-cygwin\jdk8u171\10807\hotspot\src\share\vm\runtime\sharedRuntime.cpp, line 605]
Event: 1.310 Thread 0x000000000080e800 Exception <a 'java/lang/ArrayIndexOutOfBoundsException'> (0x000000076d380528) thrown at [C:\re\workspace\8-2-build-windows-amd64-cygwin\jdk8u171\10807\hotspot\src\share\vm\runtime\sharedRuntime.cpp, line 605]
Event: 1.311 Thread 0x000000000080e800 Exception <a 'java/lang/ArrayIndexOutOfBoundsException'> (0x000000076d3820b8) thrown at [C:\re\workspace\8-2-build-windows-amd64-cygwin\jdk8u171\10807\hotspot\src\share\vm\runtime\sharedRuntime.cpp, line 605]
Event: 1.365 Thread 0x000000000080e800 Exception <a 'java/lang/ArrayIndexOutOfBoundsException': 66> (0x000000076d6d4928) thrown at [C:\re\workspace\8-2-build-windows-amd64-cygwin\jdk8u171\10807\hotspot\src\share\vm\interpreter\interpreterRuntime.cpp, line 366]
Event: 2.594 Thread 0x000000000080e800 Exception <a 'java/lang/NoClassDefFoundError': com/google/inject/servlet/ServletModuleTargetVisitor> (0x000000076c1aa490) thrown at [C:\re\workspace\8-2-build-windows-amd64-cygwin\jdk8u171\10807\hotspot\src\share\vm\classfile\systemDictionary.cpp, line 19
Event: 2.594 Thread 0x000000000080e800 Exception <a 'java/lang/NoClassDefFoundError'> (0x000000076c1aa490) thrown at [C:\re\workspace\8-2-build-windows-amd64-cygwin\jdk8u171\10807\hotspot\src\share\vm\prims\jvm.cpp, line 1439]
Event: 2.608 Thread 0x000000000080e800 Exception <a 'java/lang/NoClassDefFoundError': javax/annotation/Priority> (0x000000076c1af3a8) thrown at [C:\re\workspace\8-2-build-windows-amd64-cygwin\jdk8u171\10807\hotspot\src\share\vm\classfile\systemDictionary.cpp, line 199]
Event: 2.852 Thread 0x000000000080e800 Implicit null exception at 0x000000000274729c to 0x0000000002747471

Events (10 events):
Event: 2.981 loading class java/util/Formatter$Flags
Event: 2.981 loading class java/util/Formatter$Flags done
Event: 2.981 loading class java/util/Formatter$Conversion
Event: 2.981 loading class java/util/Formatter$Conversion done
Event: 2.981 loading class java/util/Formattable
Event: 2.981 loading class java/util/Formattable done
Event: 2.984 loading class org/apache/maven/building/FileSource
Event: 2.984 loading class org/apache/maven/building/FileSource done
Event: 2.984 loading class java/util/Collections$SingletonMap
Event: 2.984 loading class java/util/Collections$SingletonMap done


Dynamic libraries:
0x00007ff6645c0000 - 0x00007ff6645f7000 	C:\Program Files\Java\jdk1.8.0_171\bin\java.exe
0x00007fff1b7a0000 - 0x00007fff1b990000 	C:\WINDOWS\SYSTEM32\ntdll.dll
0x00007fff1a790000 - 0x00007fff1a842000 	C:\WINDOWS\System32\KERNEL32.DLL
0x00007fff18ad0000 - 0x00007fff18d74000 	C:\WINDOWS\System32\KERNELBASE.dll
0x00007fff1afe0000 - 0x00007fff1b083000 	C:\WINDOWS\System32\ADVAPI32.dll
0x00007fff1a6c0000 - 0x00007fff1a75e000 	C:\WINDOWS\System32\msvcrt.dll
0x00007fff1a620000 - 0x00007fff1a6b7000 	C:\WINDOWS\System32\sechost.dll
0x00007fff1b490000 - 0x00007fff1b5b0000 	C:\WINDOWS\System32\RPCRT4.dll
0x00007fff1a320000 - 0x00007fff1a4b4000 	C:\WINDOWS\System32\USER32.dll
0x00007fff187d0000 - 0x00007fff187f1000 	C:\WINDOWS\System32\win32u.dll
0x00007fff1a2f0000 - 0x00007fff1a316000 	C:\WINDOWS\System32\GDI32.dll
0x00007fff19690000 - 0x00007fff19826000 	C:\WINDOWS\System32\gdi32full.dll
0x00007fff18950000 - 0x00007fff189ee000 	C:\WINDOWS\System32\msvcp_win.dll
0x00007fff18dd0000 - 0x00007fff18eca000 	C:\WINDOWS\System32\ucrtbase.dll
0x00007fff0a890000 - 0x00007fff0ab14000 	C:\WINDOWS\WinSxS\amd64_microsoft.windows.common-controls_6595b64144ccf1df_6.0.18362.959_none_e6c7bbbf130c62bb\COMCTL32.dll
0x00007fff1b090000 - 0x00007fff1b3c5000 	C:\WINDOWS\System32\combase.dll
0x00007fff18a50000 - 0x00007fff18ad0000 	C:\WINDOWS\System32\bcryptPrimitives.dll
0x00007fff1a760000 - 0x00007fff1a78e000 	C:\WINDOWS\System32\IMM32.DLL
0x0000000074300000 - 0x00000000743d2000 	C:\Program Files\Java\jdk1.8.0_171\jre\bin\msvcr100.dll
0x0000000073a60000 - 0x0000000074300000 	C:\Program Files\Java\jdk1.8.0_171\jre\bin\server\jvm.dll
0x00007fff1afd0000 - 0x00007fff1afd8000 	C:\WINDOWS\System32\PSAPI.DLL
0x00007fff14680000 - 0x00007fff14689000 	C:\WINDOWS\SYSTEM32\WSOCK32.dll
0x00007fff1aa10000 - 0x00007fff1aa7f000 	C:\WINDOWS\System32\WS2_32.dll
0x00007fff16410000 - 0x00007fff16434000 	C:\WINDOWS\SYSTEM32\WINMM.dll
0x00007fff13a70000 - 0x00007fff13a7a000 	C:\WINDOWS\SYSTEM32\VERSION.dll
0x00007fff163e0000 - 0x00007fff1640d000 	C:\WINDOWS\SYSTEM32\WINMMBASE.dll
0x00007fff18d80000 - 0x00007fff18dca000 	C:\WINDOWS\System32\cfgmgr32.dll
0x0000000076030000 - 0x000000007603f000 	C:\Program Files\Java\jdk1.8.0_171\jre\bin\verify.dll
0x0000000076000000 - 0x0000000076029000 	C:\Program Files\Java\jdk1.8.0_171\jre\bin\java.dll
0x0000000075fe0000 - 0x0000000075ff6000 	C:\Program Files\Java\jdk1.8.0_171\jre\bin\zip.dll
0x00007fff19a60000 - 0x00007fff1a146000 	C:\WINDOWS\System32\SHELL32.dll
0x00007fff1a170000 - 0x00007fff1a219000 	C:\WINDOWS\System32\shcore.dll
0x00007fff18f00000 - 0x00007fff19682000 	C:\WINDOWS\System32\windows.storage.dll
0x00007fff186f0000 - 0x00007fff18713000 	C:\WINDOWS\System32\profapi.dll
0x00007fff18680000 - 0x00007fff186ca000 	C:\WINDOWS\System32\powrprof.dll
0x00007fff18650000 - 0x00007fff18660000 	C:\WINDOWS\System32\UMPDC.dll
0x00007fff1aa80000 - 0x00007fff1aad2000 	C:\WINDOWS\System32\shlwapi.dll
0x00007fff186d0000 - 0x00007fff186e1000 	C:\WINDOWS\System32\kernel.appcore.dll
0x00007fff19830000 - 0x00007fff19847000 	C:\WINDOWS\System32\cryptsp.dll
0x00007fff17a30000 - 0x00007fff17a63000 	C:\WINDOWS\system32\rsaenh.dll
0x00007fff18ed0000 - 0x00007fff18ef6000 	C:\WINDOWS\System32\bcrypt.dll
0x00007fff18570000 - 0x00007fff18595000 	C:\WINDOWS\SYSTEM32\USERENV.dll
0x00007fff18090000 - 0x00007fff1809c000 	C:\WINDOWS\SYSTEM32\CRYPTBASE.dll
0x0000000075fc0000 - 0x0000000075fda000 	C:\Program Files\Java\jdk1.8.0_171\jre\bin\net.dll
0x00007fff17ec0000 - 0x00007fff17f27000 	C:\WINDOWS\system32\mswsock.dll
0x00007fff17bd0000 - 0x00007fff17c0a000 	C:\WINDOWS\SYSTEM32\IPHLPAPI.DLL
0x00007fff1b480000 - 0x00007fff1b488000 	C:\WINDOWS\System32\NSI.dll
0x00007fff12a80000 - 0x00007fff12a96000 	C:\WINDOWS\SYSTEM32\dhcpcsvc6.DLL
0x00007fff12a60000 - 0x00007fff12a7c000 	C:\WINDOWS\SYSTEM32\dhcpcsvc.DLL
0x00007fff17c10000 - 0x00007fff17cdb000 	C:\WINDOWS\SYSTEM32\DNSAPI.dll
0x0000000074830000 - 0x0000000074841000 	C:\Program Files\Java\jdk1.8.0_171\jre\bin\nio.dll
0x00007ffefa150000 - 0x00007ffefa15a000 	C:\Users\Alain\AppData\Local\Temp\jansi-1.17.1-4127571431405430573.dll
0x00007ffef90b0000 - 0x00007ffef90ba000 	C:\Users\Alain\AppData\Local\Temp\jansi-1.17.1-2170579466454633539.dll

VM Arguments:
jvm_args: -Dmaven.multiModuleProjectDirectory=C:\Users\Alain\Desktop\Home\Minecraft\Plugins\BetterBowTrails -Dmaven.home=C:\Program Files\JetBrains\IntelliJ IDEA Community Edition 2019.2.4\plugins\maven\lib\maven3 -Dclassworlds.conf=C:\Program Files\JetBrains\IntelliJ IDEA Community Edition 2019.2.4\plugins\maven\lib\maven3\bin\m2.conf -Dmaven.ext.class.path=C:\Program Files\JetBrains\IntelliJ IDEA Community Edition 2019.2.4\plugins\maven\lib\maven-event-listener.jar -Dfile.encoding=UTF-8 
java_command: org.codehaus.classworlds.Launcher -Didea.version=2020.2 install --non-recursive
java_class_path (initial): C:\Program Files\JetBrains\IntelliJ IDEA Community Edition 2019.2.4\plugins\maven\lib\maven3\boot\plexus-classworlds-2.6.0.jar;C:\Program Files\JetBrains\IntelliJ IDEA Community Edition 2019.2.4\plugins\maven\lib\maven3\boot\plexus-classworlds.license
Launcher Type: SUN_STANDARD

Environment Variables:
JAVA_HOME=C:\Program Files\Java\jdk1.8.0_171
PATH=C:\Program Files (x86)\Razer Chroma SDK\bin;C:\Program Files\Razer Chroma SDK\bin;C:\Program Files (x86)\Razer\ChromaBroadcast\bin;C:\Program Files\Razer\ChromaBroadcast\bin;C:\Program Files (x86)\Common Files\Intel\Shared Libraries\redist\intel64\compiler;C:\Program Files (x86)\Common Files\Oracle\Java\javapath;C:\Program Files (x86)\Intel\iCLS Client\;C:\Program Files\Intel\iCLS Client\;C:\Windows\system32;C:\Windows;C:\Windows\System32\Wbem;C:\Windows\System32\WindowsPowerShell\v1.0\;C:\Program Files (x86)\NVIDIA Corporation\PhysX\Common;C:\Program Files (x86)\Intel\Intel(R) Management Engine Components\DAL;C:\Program Files\Intel\Intel(R) Management Engine Components\DAL;C:\Program Files (x86)\Intel\Intel(R) Management Engine Components\IPT;C:\Program Files\Intel\Intel(R) Management Engine Components\IPT;C:\WINDOWS\System32\OpenSSH\;C:\WINDOWS\system32;C:\WINDOWS;C:\WINDOWS\System32\Wbem;C:\WINDOWS\System32\WindowsPowerShell\v1.0\;E:\Users\Alain\Git\bin;;C:\Program Files\NVIDIA Corporation\NVIDIA NvDLISR;C:\WINDOWS\system32;C:\WINDOWS;C:\WINDOWS\System32\Wbem;C:\WINDOWS\System32\WindowsPowerShell\v1.0\;C:\WINDOWS\System32\OpenSSH\;C:\WINDOWS\system32\config\systemprofile\AppData\Local\Microsoft\WindowsApps;C:\Users\Alain\AppData\Local\Microsoft\WindowsApps;C:\Users\Alain\AppData\Local\GitHubDesktop\bin;%USERPROFILE%\AppData\Local\Microsoft\WindowsApps;
USERNAME=Alain
OS=Windows_NT
PROCESSOR_IDENTIFIER=Intel64 Family 6 Model 158 Stepping 9, GenuineIntel



---------------  S Y S T E M  ---------------

OS: Windows 10.0 , 64 bit Build 18362 (10.0.18362.959)

CPU:total 4 (initial active 4) (4 cores per cpu, 1 threads per core) family 6 model 158 stepping 9, cmov, cx8, fxsr, mmx, sse, sse2, sse3, ssse3, sse4.1, sse4.2, popcnt, avx, avx2, aes, clmul, erms, rtm, 3dnowpref, lzcnt, tsc, tscinvbit, bmi1, bmi2, adx

Memory: 4k page, physical 16667316k(4643188k free), swap 20861620k(5528k free)

vm_info: Java HotSpot(TM) 64-Bit Server VM (25.171-b11) for windows-amd64 JRE (1.8.0_171-b11), built on Mar 28 2018 16:06:12 by "java_re" with MS VC++ 10.0 (VS2010)

time: Sat Aug 01 21:22:28 2020
elapsed time: 3 seconds (0d 0h 0m 3s)

